0 verbose cli D:\Program Files\nodejs22\node.exe D:\Program Files\nodejs22\node_modules\npm\bin\npm-cli.js
1 info using npm@10.9.2
2 info using node@v22.16.0
3 silly config load:file:D:\Program Files\nodejs22\node_modules\npm\npmrc
4 silly config load:file:D:\workSpace\SSR服务器\.npmrc
5 silly config load:file:C:\Users\10424\.npmrc
6 silly config load:file:D:\Soft\nodejs\node_global\etc\npmrc
7 verbose title npm exec pnpm@9.14.4 run build
8 verbose argv "exec" "--" "pnpm@9.14.4" "run" "build"
9 verbose logfile logs-max:10 dir:D:\workSpace\SSR服务器\.npm-cache\_logs\2026-05-16T00_13_34_718Z-
10 verbose logfile D:\workSpace\SSR服务器\.npm-cache\_logs\2026-05-16T00_13_34_718Z-debug-0.log
11 silly logfile done cleaning log files
12 silly packumentCache heap:4345298944 maxSize:1086324736 maxEntrySize:543162368
13 http fetch GET 200 https://registry.npmmirror.com/pnpm 115ms (cache revalidated)
14 silly packumentCache heap:4345298944 maxSize:1086324736 maxEntrySize:543162368
15 silly packumentCache heap:4345298944 maxSize:1086324736 maxEntrySize:543162368
16 verbose cwd D:\workSpace\SSR服务器
17 verbose os Windows_NT 10.0.26200
18 verbose node v22.16.0
19 verbose npm  v10.9.2
20 verbose exit 0
21 info ok
